C51 COMPILER V9.55   7SEG                                                                  04/22/2016 14:35:32 PAGE 1   


C51 COMPILER V9.55, COMPILATION OF MODULE 7SEG
OBJECT MODULE PLACED IN .\Objects\7seg.obj
COMPILER INVOKED BY: C:\Keil_v5\C51\BIN\C51.EXE 7seg.c OPTIMIZE(8,SPEED) BROWSE DEBUG OBJECTEXTEND PRINT(.\Listings\7seg
                    -.lst) TABS(2) OBJECT(.\Objects\7seg.obj)

line level    source

   1          #include <REG8253.H>
   2          #include "delay.h"
   3          
   4          extern unsigned char seg_code[10]={0xC0,0xf9,0xA4,0xB0,0x99,0x92,0x82,0xf8,0x80,0x90};
   5          /*SSD code for the digits from 0-9*/
   6          
   7          void display_all(unsigned char num)/*function to display a data on all SSD*/
   8          {
   9   1      
  10   1          P2=0x0f;
  11   1          P0=seg_code[num];
  12   1      }
  13          
  14          void display(unsigned char num,unsigned char seg_num)/*function to display a data on specified SSD*/
  15          {
  16   1          if(seg_num==1)
  17   1          {
  18   2              P2=0x08;
  19   2              P0=seg_code[num];
  20   2          }
  21   1          else if(seg_num==2)
  22   1          {
  23   2             P2=0x04;
  24   2             P0=seg_code[num];
  25   2          }
  26   1          else if(seg_num==3)
  27   1          {
  28   2              P2=0x02;
  29   2              P0=seg_code[num];
  30   2          }
  31   1          else if(seg_num==4)
  32   1          {
  33   2              P2=0x01;
  34   2              P0=seg_code[num];
  35   2          }
  36   1      }
  37          
  38          void display_4digitnum(unsigned int num) /*function to display a 4digit data on SSD*/
  39          {
  40   1          unsigned char i=0,j,a;
  41   1          a=0x01;
  42   1          while(i<4)
  43   1          {
  44   2            j=num%10;
  45   2            num=num/10;
  46   2            P2=a;
  47   2            P0=seg_code[j];
  48   2            P3=0;
  49   2            Delay_us(3000);
  50   2            P3=1;
  51   2            a=a<<1;
  52   2            i++;  
  53   2          }
  54   1          }
C51 COMPILER V9.55   7SEG                                                                  04/22/2016 14:35:32 PAGE 2   



MODULE INFORMATION:   STATIC OVERLAYABLE
   CODE SIZE        =    127    ----
   CONSTANT SIZE    =   ----    ----
   XDATA SIZE       =   ----    ----
   PDATA SIZE       =   ----    ----
   DATA SIZE        =     10       5
   IDATA SIZE       =   ----    ----
   BIT SIZE         =   ----    ----
END OF MODULE INFORMATION.


C51 COMPILATION COMPLETE.  0 WARNING(S),  0 ERROR(S)
